Success (28):
datatype 2032 {urn:com:psi:types:AB}AB_CmpntVal "{urn:com:psi:types:AB}AB_CmpntVal"
datatype 2034 {urn:com:psi:types:AB}AB_CmpntOptn "{urn:com:psi:types:AB}AB_CmpntOptn"
datatype 2036 {urn:com:psi:types:AB}AB_AppDesign "{urn:com:psi:types:AB}AB_AppDesign"
datatype 2038 {urn:com:psi:types:AB}AB_FrmVersionDesign "{urn:com:psi:types:AB}AB_FrmVersionDesign"
datatype 2040 {urn:com:psi:types:AB}AB_CmpntParent "{urn:com:psi:types:AB}AB_CmpntParent"
datatype 2042 {urn:com:psi:types:AB}AB_FrmCmpntsDesign "{urn:com:psi:types:AB}AB_FrmCmpntsDesign"
datatype 2044 {urn:com:psi:types:AB}AB_AppInstances "{urn:com:psi:types:AB}AB_AppInstances"
datatype 2046 {urn:com:psi:types:AB}AB_FrmInstances "{urn:com:psi:types:AB}AB_FrmInstances"
datatype 2048 {urn:com:psi:types:AB}AB_FrmCmpntsData "{urn:com:psi:types:AB}AB_FrmCmpntsData"
datatype 2050 {urn:com:psi:types:AB}AB_FrmVersionAndCmpntDesign "{urn:com:psi:types:AB}AB_FrmVersionAndCmpntDesign"
datatype 2052 {urn:com:psi:types:AB}AB_FrmInstanceAndCmpntsData "{urn:com:psi:types:AB}AB_FrmInstanceAndCmpntsData"
datatype 2054 {urn:com:psi:types:AB}AB_FormsDesign "{urn:com:psi:types:AB}AB_FormsDesign"
datatype 2056 {urn:com:psi:types:AB}AB_FormsAndVersionDesign "{urn:com:psi:types:AB}AB_FormsAndVersionDesign"
datatype 2058 {urn:com:psi:types:AB}AB_MilestoneDesign "{urn:com:psi:types:AB}AB_MilestoneDesign"
datatype 2060 {urn:com:psi:types:AB}AB_AppAndFormsDesign "{urn:com:psi:types:AB}AB_AppAndFormsDesign"
datatype 2062 {urn:com:psi:types:AB}AB_AppGroupIds "{urn:com:psi:types:AB}AB_AppGroupIds"
datatype 2064 {urn:com:psi:types:AB}AB_AppAndGroupsDesign "{urn:com:psi:types:AB}AB_AppAndGroupsDesign"
datatype 2066 {urn:com:psi:types:AB}AB_ApplicationGroups "{urn:com:psi:types:AB}AB_ApplicationGroups"
datatype 2068 {urn:com:psi:types:AB}AB_MilestoneInstances "{urn:com:psi:types:AB}AB_MilestoneInstances"
datatype 2070 {urn:com:psi:types:AB}AB_MilestoneRouting "{urn:com:psi:types:AB}AB_MilestoneRouting"
datatype 2072 {urn:com:psi:types:AB}AB_MilestoneAndRoutingDesign "{urn:com:psi:types:AB}AB_MilestoneAndRoutingDesign"
dataStore 4454 _a-0000dc7c-e2e3-8000-927a-010000010000_199928 "WorkflowBuilder_DS"
groupType 3 _f-0000dc7c-dac5-8000-9277-010000010000_35 "WB_WorkflowBuilder"
group 64 _e-0000dc7c-dac5-8000-9277-010000010000_832 "WB_ApplicationAdminGroup"
group 65 _e-0000dc91-0c73-8000-9277-010000010000_884 "WB_ApplicationViewerGroup"
group 66 _e-0000dca4-d1d4-8000-9277-010000010000_908 "WB_ApplicationExecutiveGroup"
group 67 _e-0000dc7c-dac5-8000-9277-010000010000_831 "WB_AllApplicationUsers"
application 4451 _a-0000dc91-0813-8000-927a-010000010000_201887 "WB Data store, CDT and Groups"

Referenced precedents that were not exported (6):
user DeepaD DeepaD
user MadhanA MadhanA
group 68 _e-0000dd85-f9bb-8000-aae2-011e94011e94_68
group 70 _e-0000dd86-580f-8000-aae2-011e94011e94_70
group 72 _e-0000dd86-580f-8000-aae2-011e94011e94_72
group 5 SYSTEM_GROUP_ROLE_APPLICATION_USERS

Trace:
2016-09-07 07:03:38.384 DEBUG application 4451 _a-0000dc91-0813-8000-927a-010000010000_201887 Begin transport.
2016-09-07 07:03:38.41 DEBUG application 4451 _a-0000dc91-0813-8000-927a-010000010000_201887 Retrieving object data.
2016-09-07 07:03:38.578 DEBUG application 4451 _a-0000dc91-0813-8000-927a-010000010000_201887 App associated objects: [datatype=[{urn:com:psi:types:AB}AB_CmpntVal, {urn:com:psi:types:AB}AB_CmpntOptn, {urn:com:psi:types:AB}AB_AppDesign, {urn:com:psi:types:AB}AB_FrmVersionDesign, {urn:com:psi:types:AB}AB_FrmCmpntsDesign, {urn:com:psi:types:AB}AB_AppInstances, {urn:com:psi:types:AB}AB_FrmInstances, {urn:com:psi:types:AB}AB_FrmCmpntsData, {urn:com:psi:types:AB}AB_FrmVersionAndCmpntDesign, {urn:com:psi:types:AB}AB_FrmInstanceAndCmpntsData, {urn:com:psi:types:AB}AB_FormsDesign, {urn:com:psi:types:AB}AB_FormsAndVersionDesign, {urn:com:psi:types:AB}AB_AppAndFormsDesign, {urn:com:psi:types:AB}AB_CmpntParent, {urn:com:psi:types:AB}AB_AppGroupIds, {urn:com:psi:types:AB}AB_AppAndGroupsDesign, {urn:com:psi:types:AB}AB_ApplicationGroups, {urn:com:psi:types:AB}AB_MilestoneDesign, {urn:com:psi:types:AB}AB_MilestoneInstances, {urn:com:psi:types:AB}AB_MilestoneRouting, {urn:com:psi:types:AB}AB_MilestoneAndRoutingDesign],dataStore=[_a-0000dc7c-e2e3-8000-927a-010000010000_199928],groupType=[_f-0000dc7c-dac5-8000-9277-010000010000_35],group=[_e-0000dc7c-dac5-8000-9277-010000010000_831, _e-0000dc7c-dac5-8000-9277-010000010000_832, _e-0000dc91-0c73-8000-9277-010000010000_884, _e-0000dca4-d1d4-8000-9277-010000010000_908]]
2016-09-07 07:03:39.02 DEBUG application 4451 _a-0000dc91-0813-8000-927a-010000010000_201887 Invalid associated objects: []
2016-09-07 07:03:39.023 DEBUG application 4451 _a-0000dc91-0813-8000-927a-010000010000_201887 Adding valid associated objects to be exported: GlobalBindingMap[datatype={{urn:com:psi:types:AB}AB_CmpntVal=2032, {urn:com:psi:types:AB}AB_CmpntOptn=2034, {urn:com:psi:types:AB}AB_AppDesign=2036, {urn:com:psi:types:AB}AB_FrmVersionDesign=2038, {urn:com:psi:types:AB}AB_FrmCmpntsDesign=2042, {urn:com:psi:types:AB}AB_AppInstances=2044, {urn:com:psi:types:AB}AB_FrmInstances=2046, {urn:com:psi:types:AB}AB_FrmCmpntsData=2048, {urn:com:psi:types:AB}AB_FrmVersionAndCmpntDesign=2050, {urn:com:psi:types:AB}AB_FrmInstanceAndCmpntsData=2052, {urn:com:psi:types:AB}AB_FormsDesign=2054, {urn:com:psi:types:AB}AB_FormsAndVersionDesign=2056, {urn:com:psi:types:AB}AB_AppAndFormsDesign=2060, {urn:com:psi:types:AB}AB_CmpntParent=2040, {urn:com:psi:types:AB}AB_AppGroupIds=2062, {urn:com:psi:types:AB}AB_AppAndGroupsDesign=2064, {urn:com:psi:types:AB}AB_ApplicationGroups=2066, {urn:com:psi:types:AB}AB_MilestoneDesign=2058, {urn:com:psi:types:AB}AB_MilestoneInstances=2068, {urn:com:psi:types:AB}AB_MilestoneRouting=2070, {urn:com:psi:types:AB}AB_MilestoneAndRoutingDesign=2072},dataStore={_a-0000dc7c-e2e3-8000-927a-010000010000_199928=4454},groupType={_f-0000dc7c-dac5-8000-9277-010000010000_35=3},group={_e-0000dc7c-dac5-8000-9277-010000010000_831=67, _e-0000dc7c-dac5-8000-9277-010000010000_832=64, _e-0000dc91-0c73-8000-9277-010000010000_884=65, _e-0000dca4-d1d4-8000-9277-010000010000_908=66}]
2016-09-07 07:03:39.035 DEBUG application 4451 _a-0000dc91-0813-8000-927a-010000010000_201887 Setting uuids of object references.
2016-09-07 07:03:39.439 DEBUG application 4451 _a-0000dc91-0813-8000-927a-010000010000_201887 Processing reference: Application.forum
2016-09-07 07:03:39.441 DEBUG application 4451 _a-0000dc91-0813-8000-927a-010000010000_201887 Processing reference: Application.parent
2016-09-07 07:03:39.476 DEBUG application 4451 _a-0000dc91-0813-8000-927a-010000010000_201887 Processing reference: com.appiancorp.suiteapi.content.ContentRoleMap@2bcb868c[
  ContentRole[name=readers,inherit=false,allowForAll=false]
  ContentRole[name=authors,inherit=false,allowForAll=false]
  ContentRole[name=administrators,usernames=[DeepaD, MadhanA],inherit=false,allowForAll=false]
  ContentRole[name=denyReaders,inherit=false,allowForAll=false]
  ContentRole[name=denyAuthors,inherit=false,allowForAll=false]
  ContentRole[name=denyAdministrators,inherit=false,allowForAll=false]
  securityVector=129:SEC_PUBLIC=true,SEC_CREATOR_ADMIN=true,SEC_INH_ADMIN=false,SEC_INH_EDITOR=false,SEC_INH_VIEWER=false,SEC_ALL_ADMIN=false,SEC_ALL_EDITOR=false,SEC_ALL_VIEWER=false
]
2016-09-07 07:03:39.476 DEBUG application 4451 _a-0000dc91-0813-8000-927a-010000010000_201887 Processing reference: ContentRole[name=readers,inherit=false,allowForAll=false]
2016-09-07 07:03:39.477 DEBUG application 4451 _a-0000dc91-0813-8000-927a-010000010000_201887 Processing reference: ContentRole[name=authors,inherit=false,allowForAll=false]
2016-09-07 07:03:39.477 DEBUG application 4451 _a-0000dc91-0813-8000-927a-010000010000_201887 Processing reference: ContentRole[name=administrators,usernames=[DeepaD, MadhanA],inherit=false,allowForAll=false]
2016-09-07 07:03:39.479 DEBUG application 4451 _a-0000dc91-0813-8000-927a-010000010000_201887 Processing reference: ContentRole[name=denyReaders,inherit=false,allowForAll=false]
2016-09-07 07:03:39.479 DEBUG application 4451 _a-0000dc91-0813-8000-927a-010000010000_201887 Processing reference: ContentRole[name=denyAuthors,inherit=false,allowForAll=false]
2016-09-07 07:03:39.479 DEBUG application 4451 _a-0000dc91-0813-8000-927a-010000010000_201887 Processing reference: ContentRole[name=denyAdministrators,inherit=false,allowForAll=false]
2016-09-07 07:03:39.489 DEBUG datatype 2032 {urn:com:psi:types:AB}AB_CmpntVal Begin transport.
2016-09-07 07:03:40.449 DEBUG datatype 2032 {urn:com:psi:types:AB}AB_CmpntVal Retrieving object data.
2016-09-07 07:03:45.384 DEBUG datatype 2032 {urn:com:psi:types:AB}AB_CmpntVal Setting uuids of object references.
2016-09-07 07:03:45.854 DEBUG datatype 2032 {urn:com:psi:types:AB}AB_CmpntVal Exporting binary resources.
2016-09-07 07:03:45.854 DEBUG datatype 2032 {urn:com:psi:types:AB}AB_CmpntVal Serializing object to XML.
2016-09-07 07:03:46.23 DEBUG datatype 2032 {urn:com:psi:types:AB}AB_CmpntVal Object transported.
2016-09-07 07:03:46.23 DEBUG datatype 2034 {urn:com:psi:types:AB}AB_CmpntOptn Begin transport.
2016-09-07 07:03:46.23 DEBUG datatype 2034 {urn:com:psi:types:AB}AB_CmpntOptn Retrieving object data.
2016-09-07 07:03:46.384 DEBUG datatype 2034 {urn:com:psi:types:AB}AB_CmpntOptn Setting uuids of object references.
2016-09-07 07:03:46.412 DEBUG datatype 2034 {urn:com:psi:types:AB}AB_CmpntOptn Exporting binary resources.
2016-09-07 07:03:46.412 DEBUG datatype 2034 {urn:com:psi:types:AB}AB_CmpntOptn Serializing object to XML.
2016-09-07 07:03:46.42 DEBUG datatype 2034 {urn:com:psi:types:AB}AB_CmpntOptn Object transported.
2016-09-07 07:03:46.42 DEBUG datatype 2036 {urn:com:psi:types:AB}AB_AppDesign Begin transport.
2016-09-07 07:03:46.42 DEBUG datatype 2036 {urn:com:psi:types:AB}AB_AppDesign Retrieving object data.
2016-09-07 07:03:46.616 DEBUG datatype 2036 {urn:com:psi:types:AB}AB_AppDesign Setting uuids of object references.
2016-09-07 07:03:46.658 DEBUG datatype 2036 {urn:com:psi:types:AB}AB_AppDesign Exporting binary resources.
2016-09-07 07:03:46.658 DEBUG datatype 2036 {urn:com:psi:types:AB}AB_AppDesign Serializing object to XML.
2016-09-07 07:03:46.66 DEBUG datatype 2036 {urn:com:psi:types:AB}AB_AppDesign Object transported.
2016-09-07 07:03:46.66 DEBUG datatype 2038 {urn:com:psi:types:AB}AB_FrmVersionDesign Begin transport.
2016-09-07 07:03:46.66 DEBUG datatype 2038 {urn:com:psi:types:AB}AB_FrmVersionDesign Retrieving object data.
2016-09-07 07:03:46.77 DEBUG datatype 2038 {urn:com:psi:types:AB}AB_FrmVersionDesign Setting uuids of object references.
2016-09-07 07:03:46.771 DEBUG datatype 2038 {urn:com:psi:types:AB}AB_FrmVersionDesign Exporting binary resources.
2016-09-07 07:03:46.771 DEBUG datatype 2038 {urn:com:psi:types:AB}AB_FrmVersionDesign Serializing object to XML.
2016-09-07 07:03:46.772 DEBUG datatype 2038 {urn:com:psi:types:AB}AB_FrmVersionDesign Object transported.
2016-09-07 07:03:46.772 DEBUG datatype 2042 {urn:com:psi:types:AB}AB_FrmCmpntsDesign Begin transport.
2016-09-07 07:03:46.772 DEBUG datatype 2042 {urn:com:psi:types:AB}AB_FrmCmpntsDesign Retrieving object data.
2016-09-07 07:03:47.665 DEBUG datatype 2042 {urn:com:psi:types:AB}AB_FrmCmpntsDesign Setting uuids of object references.
2016-09-07 07:03:47.669 DEBUG datatype 2040 {urn:com:psi:types:AB}AB_CmpntParent Begin transport.
2016-09-07 07:03:47.669 DEBUG datatype 2040 {urn:com:psi:types:AB}AB_CmpntParent Retrieving object data.
2016-09-07 07:03:47.824 DEBUG datatype 2040 {urn:com:psi:types:AB}AB_CmpntParent Setting uuids of object references.
2016-09-07 07:03:47.825 DEBUG datatype 2040 {urn:com:psi:types:AB}AB_CmpntParent Exporting binary resources.
2016-09-07 07:03:47.825 DEBUG datatype 2040 {urn:com:psi:types:AB}AB_CmpntParent Serializing object to XML.
2016-09-07 07:03:47.837 DEBUG datatype 2040 {urn:com:psi:types:AB}AB_CmpntParent Object transported.
2016-09-07 07:03:47.837 DEBUG datatype 2042 {urn:com:psi:types:AB}AB_FrmCmpntsDesign Exporting binary resources.
2016-09-07 07:03:47.837 DEBUG datatype 2042 {urn:com:psi:types:AB}AB_FrmCmpntsDesign Serializing object to XML.
2016-09-07 07:03:47.839 DEBUG datatype 2042 {urn:com:psi:types:AB}AB_FrmCmpntsDesign Object transported.
2016-09-07 07:03:47.839 DEBUG datatype 2044 {urn:com:psi:types:AB}AB_AppInstances Begin transport.
2016-09-07 07:03:47.839 DEBUG datatype 2044 {urn:com:psi:types:AB}AB_AppInstances Retrieving object data.
2016-09-07 07:03:48.034 DEBUG datatype 2044 {urn:com:psi:types:AB}AB_AppInstances Setting uuids of object references.
2016-09-07 07:03:48.036 DEBUG datatype 2044 {urn:com:psi:types:AB}AB_AppInstances Exporting binary resources.
2016-09-07 07:03:48.036 DEBUG datatype 2044 {urn:com:psi:types:AB}AB_AppInstances Serializing object to XML.
2016-09-07 07:03:48.037 DEBUG datatype 2044 {urn:com:psi:types:AB}AB_AppInstances Object transported.
2016-09-07 07:03:48.037 DEBUG datatype 2046 {urn:com:psi:types:AB}AB_FrmInstances Begin transport.
2016-09-07 07:03:48.037 DEBUG datatype 2046 {urn:com:psi:types:AB}AB_FrmInstances Retrieving object data.
2016-09-07 07:03:48.314 DEBUG datatype 2046 {urn:com:psi:types:AB}AB_FrmInstances Setting uuids of object references.
2016-09-07 07:03:48.316 DEBUG datatype 2046 {urn:com:psi:types:AB}AB_FrmInstances Exporting binary resources.
2016-09-07 07:03:48.316 DEBUG datatype 2046 {urn:com:psi:types:AB}AB_FrmInstances Serializing object to XML.
2016-09-07 07:03:48.317 DEBUG datatype 2046 {urn:com:psi:types:AB}AB_FrmInstances Object transported.
2016-09-07 07:03:48.317 DEBUG datatype 2048 {urn:com:psi:types:AB}AB_FrmCmpntsData Begin transport.
2016-09-07 07:03:48.317 DEBUG datatype 2048 {urn:com:psi:types:AB}AB_FrmCmpntsData Retrieving object data.
2016-09-07 07:03:48.481 DEBUG datatype 2048 {urn:com:psi:types:AB}AB_FrmCmpntsData Setting uuids of object references.
2016-09-07 07:03:48.482 DEBUG datatype 2048 {urn:com:psi:types:AB}AB_FrmCmpntsData Exporting binary resources.
2016-09-07 07:03:48.482 DEBUG datatype 2048 {urn:com:psi:types:AB}AB_FrmCmpntsData Serializing object to XML.
2016-09-07 07:03:48.484 DEBUG datatype 2048 {urn:com:psi:types:AB}AB_FrmCmpntsData Object transported.
2016-09-07 07:03:48.484 DEBUG datatype 2050 {urn:com:psi:types:AB}AB_FrmVersionAndCmpntDesign Begin transport.
2016-09-07 07:03:48.484 DEBUG datatype 2050 {urn:com:psi:types:AB}AB_FrmVersionAndCmpntDesign Retrieving object data.
2016-09-07 07:03:49.279 DEBUG datatype 2050 {urn:com:psi:types:AB}AB_FrmVersionAndCmpntDesign Setting uuids of object references.
2016-09-07 07:03:49.286 DEBUG datatype 2050 {urn:com:psi:types:AB}AB_FrmVersionAndCmpntDesign Exporting binary resources.
2016-09-07 07:03:49.286 DEBUG datatype 2050 {urn:com:psi:types:AB}AB_FrmVersionAndCmpntDesign Serializing object to XML.
2016-09-07 07:03:49.286 DEBUG datatype 2050 {urn:com:psi:types:AB}AB_FrmVersionAndCmpntDesign Object transported.
2016-09-07 07:03:49.286 DEBUG datatype 2052 {urn:com:psi:types:AB}AB_FrmInstanceAndCmpntsData Begin transport.
2016-09-07 07:03:49.286 DEBUG datatype 2052 {urn:com:psi:types:AB}AB_FrmInstanceAndCmpntsData Retrieving object data.
2016-09-07 07:03:49.496 DEBUG datatype 2052 {urn:com:psi:types:AB}AB_FrmInstanceAndCmpntsData Setting uuids of object references.
2016-09-07 07:03:49.497 DEBUG datatype 2052 {urn:com:psi:types:AB}AB_FrmInstanceAndCmpntsData Exporting binary resources.
2016-09-07 07:03:49.497 DEBUG datatype 2052 {urn:com:psi:types:AB}AB_FrmInstanceAndCmpntsData Serializing object to XML.
2016-09-07 07:03:49.498 DEBUG datatype 2052 {urn:com:psi:types:AB}AB_FrmInstanceAndCmpntsData Object transported.
2016-09-07 07:03:49.498 DEBUG datatype 2054 {urn:com:psi:types:AB}AB_FormsDesign Begin transport.
2016-09-07 07:03:49.498 DEBUG datatype 2054 {urn:com:psi:types:AB}AB_FormsDesign Retrieving object data.
2016-09-07 07:03:49.587 DEBUG datatype 2054 {urn:com:psi:types:AB}AB_FormsDesign Setting uuids of object references.
2016-09-07 07:03:49.588 DEBUG datatype 2054 {urn:com:psi:types:AB}AB_FormsDesign Exporting binary resources.
2016-09-07 07:03:49.588 DEBUG datatype 2054 {urn:com:psi:types:AB}AB_FormsDesign Serializing object to XML.
2016-09-07 07:03:49.599 DEBUG datatype 2054 {urn:com:psi:types:AB}AB_FormsDesign Object transported.
2016-09-07 07:03:49.599 DEBUG datatype 2056 {urn:com:psi:types:AB}AB_FormsAndVersionDesign Begin transport.
2016-09-07 07:03:49.599 DEBUG datatype 2056 {urn:com:psi:types:AB}AB_FormsAndVersionDesign Retrieving object data.
2016-09-07 07:03:49.677 DEBUG datatype 2056 {urn:com:psi:types:AB}AB_FormsAndVersionDesign Setting uuids of object references.
2016-09-07 07:03:49.678 DEBUG datatype 2056 {urn:com:psi:types:AB}AB_FormsAndVersionDesign Exporting binary resources.
2016-09-07 07:03:49.678 DEBUG datatype 2056 {urn:com:psi:types:AB}AB_FormsAndVersionDesign Serializing object to XML.
2016-09-07 07:03:49.679 DEBUG datatype 2056 {urn:com:psi:types:AB}AB_FormsAndVersionDesign Object transported.
2016-09-07 07:03:49.679 DEBUG datatype 2060 {urn:com:psi:types:AB}AB_AppAndFormsDesign Begin transport.
2016-09-07 07:03:49.679 DEBUG datatype 2060 {urn:com:psi:types:AB}AB_AppAndFormsDesign Retrieving object data.
2016-09-07 07:03:49.779 DEBUG datatype 2060 {urn:com:psi:types:AB}AB_AppAndFormsDesign Setting uuids of object references.
2016-09-07 07:03:49.78 DEBUG datatype 2058 {urn:com:psi:types:AB}AB_MilestoneDesign Begin transport.
2016-09-07 07:03:49.78 DEBUG datatype 2058 {urn:com:psi:types:AB}AB_MilestoneDesign Retrieving object data.
2016-09-07 07:03:49.837 DEBUG datatype 2058 {urn:com:psi:types:AB}AB_MilestoneDesign Setting uuids of object references.
2016-09-07 07:03:49.838 DEBUG datatype 2058 {urn:com:psi:types:AB}AB_MilestoneDesign Exporting binary resources.
2016-09-07 07:03:49.838 DEBUG datatype 2058 {urn:com:psi:types:AB}AB_MilestoneDesign Serializing object to XML.
2016-09-07 07:03:49.838 DEBUG datatype 2058 {urn:com:psi:types:AB}AB_MilestoneDesign Object transported.
2016-09-07 07:03:49.838 DEBUG datatype 2060 {urn:com:psi:types:AB}AB_AppAndFormsDesign Exporting binary resources.
2016-09-07 07:03:49.838 DEBUG datatype 2060 {urn:com:psi:types:AB}AB_AppAndFormsDesign Serializing object to XML.
2016-09-07 07:03:49.839 DEBUG datatype 2060 {urn:com:psi:types:AB}AB_AppAndFormsDesign Object transported.
2016-09-07 07:03:49.839 DEBUG datatype 2062 {urn:com:psi:types:AB}AB_AppGroupIds Begin transport.
2016-09-07 07:03:49.839 DEBUG datatype 2062 {urn:com:psi:types:AB}AB_AppGroupIds Retrieving object data.
2016-09-07 07:03:49.874 DEBUG datatype 2062 {urn:com:psi:types:AB}AB_AppGroupIds Setting uuids of object references.
2016-09-07 07:03:49.883 DEBUG datatype 2062 {urn:com:psi:types:AB}AB_AppGroupIds Exporting binary resources.
2016-09-07 07:03:49.883 DEBUG datatype 2062 {urn:com:psi:types:AB}AB_AppGroupIds Serializing object to XML.
2016-09-07 07:03:49.902 DEBUG datatype 2062 {urn:com:psi:types:AB}AB_AppGroupIds Object transported.
2016-09-07 07:03:49.902 DEBUG datatype 2064 {urn:com:psi:types:AB}AB_AppAndGroupsDesign Begin transport.
2016-09-07 07:03:49.902 DEBUG datatype 2064 {urn:com:psi:types:AB}AB_AppAndGroupsDesign Retrieving object data.
2016-09-07 07:03:49.981 DEBUG datatype 2064 {urn:com:psi:types:AB}AB_AppAndGroupsDesign Setting uuids of object references.
2016-09-07 07:03:49.982 DEBUG datatype 2064 {urn:com:psi:types:AB}AB_AppAndGroupsDesign Exporting binary resources.
2016-09-07 07:03:49.982 DEBUG datatype 2064 {urn:com:psi:types:AB}AB_AppAndGroupsDesign Serializing object to XML.
2016-09-07 07:03:49.985 DEBUG datatype 2064 {urn:com:psi:types:AB}AB_AppAndGroupsDesign Object transported.
2016-09-07 07:03:49.985 DEBUG datatype 2066 {urn:com:psi:types:AB}AB_ApplicationGroups Begin transport.
2016-09-07 07:03:49.985 DEBUG datatype 2066 {urn:com:psi:types:AB}AB_ApplicationGroups Retrieving object data.
2016-09-07 07:03:50.013 DEBUG datatype 2066 {urn:com:psi:types:AB}AB_ApplicationGroups Setting uuids of object references.
2016-09-07 07:03:50.013 DEBUG datatype 2066 {urn:com:psi:types:AB}AB_ApplicationGroups Exporting binary resources.
2016-09-07 07:03:50.013 DEBUG datatype 2066 {urn:com:psi:types:AB}AB_ApplicationGroups Serializing object to XML.
2016-09-07 07:03:50.014 DEBUG datatype 2066 {urn:com:psi:types:AB}AB_ApplicationGroups Object transported.
2016-09-07 07:03:50.014 DEBUG datatype 2068 {urn:com:psi:types:AB}AB_MilestoneInstances Begin transport.
2016-09-07 07:03:50.014 DEBUG datatype 2068 {urn:com:psi:types:AB}AB_MilestoneInstances Retrieving object data.
2016-09-07 07:03:50.112 DEBUG datatype 2068 {urn:com:psi:types:AB}AB_MilestoneInstances Setting uuids of object references.
2016-09-07 07:03:50.113 DEBUG datatype 2068 {urn:com:psi:types:AB}AB_MilestoneInstances Exporting binary resources.
2016-09-07 07:03:50.113 DEBUG datatype 2068 {urn:com:psi:types:AB}AB_MilestoneInstances Serializing object to XML.
2016-09-07 07:03:50.113 DEBUG datatype 2068 {urn:com:psi:types:AB}AB_MilestoneInstances Object transported.
2016-09-07 07:03:50.113 DEBUG datatype 2070 {urn:com:psi:types:AB}AB_MilestoneRouting Begin transport.
2016-09-07 07:03:50.113 DEBUG datatype 2070 {urn:com:psi:types:AB}AB_MilestoneRouting Retrieving object data.
2016-09-07 07:03:50.157 DEBUG datatype 2070 {urn:com:psi:types:AB}AB_MilestoneRouting Setting uuids of object references.
2016-09-07 07:03:50.158 DEBUG datatype 2070 {urn:com:psi:types:AB}AB_MilestoneRouting Exporting binary resources.
2016-09-07 07:03:50.158 DEBUG datatype 2070 {urn:com:psi:types:AB}AB_MilestoneRouting Serializing object to XML.
2016-09-07 07:03:50.22 DEBUG datatype 2070 {urn:com:psi:types:AB}AB_MilestoneRouting Object transported.
2016-09-07 07:03:50.22 DEBUG datatype 2072 {urn:com:psi:types:AB}AB_MilestoneAndRoutingDesign Begin transport.
2016-09-07 07:03:50.22 DEBUG datatype 2072 {urn:com:psi:types:AB}AB_MilestoneAndRoutingDesign Retrieving object data.
2016-09-07 07:03:50.292 DEBUG datatype 2072 {urn:com:psi:types:AB}AB_MilestoneAndRoutingDesign Setting uuids of object references.
2016-09-07 07:03:50.293 DEBUG datatype 2072 {urn:com:psi:types:AB}AB_MilestoneAndRoutingDesign Exporting binary resources.
2016-09-07 07:03:50.293 DEBUG datatype 2072 {urn:com:psi:types:AB}AB_MilestoneAndRoutingDesign Serializing object to XML.
2016-09-07 07:03:50.293 DEBUG datatype 2072 {urn:com:psi:types:AB}AB_MilestoneAndRoutingDesign Object transported.
2016-09-07 07:03:50.301 DEBUG dataStore 4454 _a-0000dc7c-e2e3-8000-927a-010000010000_199928 Begin transport.
2016-09-07 07:03:50.311 DEBUG dataStore 4454 _a-0000dc7c-e2e3-8000-927a-010000010000_199928 Retrieving object data.
2016-09-07 07:03:50.387 DEBUG dataStore 4454 _a-0000dc7c-e2e3-8000-927a-010000010000_199928 Setting uuids of object references.
2016-09-07 07:03:50.5 DEBUG dataStore 4454 _a-0000dc7c-e2e3-8000-927a-010000010000_199928 Processing reference: datatypeRef[id=2036]
2016-09-07 07:03:50.618 DEBUG dataStore 4454 _a-0000dc7c-e2e3-8000-927a-010000010000_199928 Processing reference: datatypeRef[id=2054]
2016-09-07 07:03:50.618 DEBUG dataStore 4454 _a-0000dc7c-e2e3-8000-927a-010000010000_199928 Processing reference: datatypeRef[id=2038]
2016-09-07 07:03:50.618 DEBUG dataStore 4454 _a-0000dc7c-e2e3-8000-927a-010000010000_199928 Processing reference: datatypeRef[id=2046]
2016-09-07 07:03:50.618 DEBUG dataStore 4454 _a-0000dc7c-e2e3-8000-927a-010000010000_199928 Processing reference: datatypeRef[id=2042]
2016-09-07 07:03:50.619 DEBUG dataStore 4454 _a-0000dc7c-e2e3-8000-927a-010000010000_199928 Processing reference: datatypeRef[id=2034]
2016-09-07 07:03:50.629 DEBUG dataStore 4454 _a-0000dc7c-e2e3-8000-927a-010000010000_199928 Processing reference: datatypeRef[id=2032]
2016-09-07 07:03:50.629 DEBUG dataStore 4454 _a-0000dc7c-e2e3-8000-927a-010000010000_199928 Processing reference: datatypeRef[id=2048]
2016-09-07 07:03:50.629 DEBUG dataStore 4454 _a-0000dc7c-e2e3-8000-927a-010000010000_199928 Processing reference: datatypeRef[id=2060]
2016-09-07 07:03:50.629 DEBUG dataStore 4454 _a-0000dc7c-e2e3-8000-927a-010000010000_199928 Processing reference: datatypeRef[id=2050]
2016-09-07 07:03:50.63 DEBUG dataStore 4454 _a-0000dc7c-e2e3-8000-927a-010000010000_199928 Processing reference: datatypeRef[id=2044]
2016-09-07 07:03:50.63 DEBUG dataStore 4454 _a-0000dc7c-e2e3-8000-927a-010000010000_199928 Processing reference: datatypeRef[id=2052]
2016-09-07 07:03:50.63 DEBUG dataStore 4454 _a-0000dc7c-e2e3-8000-927a-010000010000_199928 Processing reference: datatypeRef[id=2056]
2016-09-07 07:03:50.63 DEBUG dataStore 4454 _a-0000dc7c-e2e3-8000-927a-010000010000_199928 Processing reference: datatypeRef[id=2040]
2016-09-07 07:03:50.63 DEBUG dataStore 4454 _a-0000dc7c-e2e3-8000-927a-010000010000_199928 Processing reference: datatypeRef[id=2064]
2016-09-07 07:03:50.636 DEBUG dataStore 4454 _a-0000dc7c-e2e3-8000-927a-010000010000_199928 Processing reference: datatypeRef[id=2062]
2016-09-07 07:03:50.637 DEBUG dataStore 4454 _a-0000dc7c-e2e3-8000-927a-010000010000_199928 Processing reference: datatypeRef[id=2058]
2016-09-07 07:03:50.637 DEBUG dataStore 4454 _a-0000dc7c-e2e3-8000-927a-010000010000_199928 Processing reference: datatypeRef[id=2070]
2016-09-07 07:03:50.637 DEBUG dataStore 4454 _a-0000dc7c-e2e3-8000-927a-010000010000_199928 Processing reference: datatypeRef[id=2068]
2016-09-07 07:03:50.637 DEBUG dataStore 4454 _a-0000dc7c-e2e3-8000-927a-010000010000_199928 Processing reference: datatypeRef[id=2072]
2016-09-07 07:03:50.638 DEBUG dataStore 4454 _a-0000dc7c-e2e3-8000-927a-010000010000_199928 Processing reference: ContentRole[name=administrators,groupIds=[64],inherit=false,allowForAll=false]
2016-09-07 07:03:50.639 DEBUG group 64 _e-0000dc7c-dac5-8000-9277-010000010000_832 Begin transport.
2016-09-07 07:03:50.657 DEBUG group 64 _e-0000dc7c-dac5-8000-9277-010000010000_832 Retrieving object data.
2016-09-07 07:03:51.275 DEBUG group 64 _e-0000dc7c-dac5-8000-9277-010000010000_832 Setting uuids of object references.
2016-09-07 07:03:51.328 DEBUG group 64 _e-0000dc7c-dac5-8000-9277-010000010000_832 Processing reference: Role[name=<null>]
2016-09-07 07:03:51.378 DEBUG group 64 _e-0000dc7c-dac5-8000-9277-010000010000_832 Processing reference: Group.groupTypeId
2016-09-07 07:03:51.397 DEBUG groupType 3 _f-0000dc7c-dac5-8000-9277-010000010000_35 Begin transport.
2016-09-07 07:03:51.409 DEBUG groupType 3 _f-0000dc7c-dac5-8000-9277-010000010000_35 Retrieving object data.
2016-09-07 07:03:51.668 DEBUG groupType 3 _f-0000dc7c-dac5-8000-9277-010000010000_35 Setting uuids of object references.
2016-09-07 07:03:51.818 DEBUG groupType 3 _f-0000dc7c-dac5-8000-9277-010000010000_35 Exporting binary resources.
2016-09-07 07:03:51.818 DEBUG groupType 3 _f-0000dc7c-dac5-8000-9277-010000010000_35 Serializing object to XML.
2016-09-07 07:04:01.582 DEBUG groupType 3 _f-0000dc7c-dac5-8000-9277-010000010000_35 Object transported.
2016-09-07 07:04:01.588 DEBUG group 64 _e-0000dc7c-dac5-8000-9277-010000010000_832 Processing reference: Group.parentId
2016-09-07 07:04:01.591 DEBUG group 64 _e-0000dc7c-dac5-8000-9277-010000010000_832 Processing reference: Group.homePageId
2016-09-07 07:04:01.592 DEBUG group 64 _e-0000dc7c-dac5-8000-9277-010000010000_832 Processing reference: Role[name=<null>]
2016-09-07 07:04:01.607 DEBUG group 64 _e-0000dc7c-dac5-8000-9277-010000010000_832 Exporting binary resources.
2016-09-07 07:04:01.607 DEBUG group 64 _e-0000dc7c-dac5-8000-9277-010000010000_832 Serializing object to XML.
2016-09-07 07:04:01.624 DEBUG group 64 _e-0000dc7c-dac5-8000-9277-010000010000_832 Object transported.
2016-09-07 07:04:01.625 DEBUG dataStore 4454 _a-0000dc7c-e2e3-8000-927a-010000010000_199928 Processing reference: ContentRole[name=authors,inherit=false,allowForAll=false]
2016-09-07 07:04:01.625 DEBUG dataStore 4454 _a-0000dc7c-e2e3-8000-927a-010000010000_199928 Processing reference: ContentRole[name=denyAdministrators,inherit=false,allowForAll=false]
2016-09-07 07:04:01.625 DEBUG dataStore 4454 _a-0000dc7c-e2e3-8000-927a-010000010000_199928 Processing reference: ContentRole[name=denyAuthors,inherit=false,allowForAll=false]
2016-09-07 07:04:01.625 DEBUG dataStore 4454 _a-0000dc7c-e2e3-8000-927a-010000010000_199928 Processing reference: ContentRole[name=denyReaders,inherit=false,allowForAll=false]
2016-09-07 07:04:01.625 DEBUG dataStore 4454 _a-0000dc7c-e2e3-8000-927a-010000010000_199928 Processing reference: ContentRole[name=readers,groupIds=[67, 5],inherit=false,allowForAll=false]
2016-09-07 07:04:01.626 DEBUG group 67 _e-0000dc7c-dac5-8000-9277-010000010000_831 Begin transport.
2016-09-07 07:04:01.626 DEBUG group 67 _e-0000dc7c-dac5-8000-9277-010000010000_831 Retrieving object data.
2016-09-07 07:04:01.63 DEBUG group 67 _e-0000dc7c-dac5-8000-9277-010000010000_831 Setting uuids of object references.
2016-09-07 07:04:01.63 DEBUG group 67 _e-0000dc7c-dac5-8000-9277-010000010000_831 Processing reference: Role[name=<null>,groupIds=[64]]
2016-09-07 07:04:01.631 DEBUG group 67 _e-0000dc7c-dac5-8000-9277-010000010000_831 Processing reference: Group.groupTypeId
2016-09-07 07:04:01.632 DEBUG group 67 _e-0000dc7c-dac5-8000-9277-010000010000_831 Processing reference: Group.parentId
2016-09-07 07:04:01.632 DEBUG group 67 _e-0000dc7c-dac5-8000-9277-010000010000_831 Processing reference: Group.homePageId
2016-09-07 07:04:01.633 DEBUG group 67 _e-0000dc7c-dac5-8000-9277-010000010000_831 Processing reference: Role[name=<null>,groupIds=[64, 65, 66, 68, 70, 72]]
2016-09-07 07:04:01.633 DEBUG group 65 _e-0000dc91-0c73-8000-9277-010000010000_884 Begin transport.
2016-09-07 07:04:01.633 DEBUG group 65 _e-0000dc91-0c73-8000-9277-010000010000_884 Retrieving object data.
2016-09-07 07:04:01.644 DEBUG group 65 _e-0000dc91-0c73-8000-9277-010000010000_884 Setting uuids of object references.
2016-09-07 07:04:01.644 DEBUG group 65 _e-0000dc91-0c73-8000-9277-010000010000_884 Processing reference: Role[name=<null>,groupIds=[64]]
2016-09-07 07:04:01.645 DEBUG group 65 _e-0000dc91-0c73-8000-9277-010000010000_884 Processing reference: Group.groupTypeId
2016-09-07 07:04:01.646 DEBUG group 65 _e-0000dc91-0c73-8000-9277-010000010000_884 Processing reference: Group.parentId
2016-09-07 07:04:01.646 DEBUG group 65 _e-0000dc91-0c73-8000-9277-010000010000_884 Processing reference: Group.homePageId
2016-09-07 07:04:01.646 DEBUG group 65 _e-0000dc91-0c73-8000-9277-010000010000_884 Processing reference: Role[name=<null>,groupIds=[64]]
2016-09-07 07:04:01.647 DEBUG group 65 _e-0000dc91-0c73-8000-9277-010000010000_884 Exporting binary resources.
2016-09-07 07:04:01.647 DEBUG group 65 _e-0000dc91-0c73-8000-9277-010000010000_884 Serializing object to XML.
2016-09-07 07:04:01.648 DEBUG group 65 _e-0000dc91-0c73-8000-9277-010000010000_884 Object transported.
2016-09-07 07:04:01.648 DEBUG group 66 _e-0000dca4-d1d4-8000-9277-010000010000_908 Begin transport.
2016-09-07 07:04:01.648 DEBUG group 66 _e-0000dca4-d1d4-8000-9277-010000010000_908 Retrieving object data.
2016-09-07 07:04:01.651 DEBUG group 66 _e-0000dca4-d1d4-8000-9277-010000010000_908 Setting uuids of object references.
2016-09-07 07:04:01.651 DEBUG group 66 _e-0000dca4-d1d4-8000-9277-010000010000_908 Processing reference: Role[name=<null>,groupIds=[64]]
2016-09-07 07:04:01.652 DEBUG group 66 _e-0000dca4-d1d4-8000-9277-010000010000_908 Processing reference: Group.groupTypeId
2016-09-07 07:04:01.653 DEBUG group 66 _e-0000dca4-d1d4-8000-9277-010000010000_908 Processing reference: Group.parentId
2016-09-07 07:04:01.653 DEBUG group 66 _e-0000dca4-d1d4-8000-9277-010000010000_908 Processing reference: Group.homePageId
2016-09-07 07:04:01.653 DEBUG group 66 _e-0000dca4-d1d4-8000-9277-010000010000_908 Processing reference: Role[name=<null>,groupIds=[64]]
2016-09-07 07:04:01.654 DEBUG group 66 _e-0000dca4-d1d4-8000-9277-010000010000_908 Exporting binary resources.
2016-09-07 07:04:01.654 DEBUG group 66 _e-0000dca4-d1d4-8000-9277-010000010000_908 Serializing object to XML.
2016-09-07 07:04:01.655 DEBUG group 66 _e-0000dca4-d1d4-8000-9277-010000010000_908 Object transported.
2016-09-07 07:04:01.655 DEBUG group 67 _e-0000dc7c-dac5-8000-9277-010000010000_831 Exporting binary resources.
2016-09-07 07:04:01.655 DEBUG group 67 _e-0000dc7c-dac5-8000-9277-010000010000_831 Serializing object to XML.
2016-09-07 07:04:01.655 DEBUG group 67 _e-0000dc7c-dac5-8000-9277-010000010000_831 Object transported.
2016-09-07 07:04:01.655 DEBUG dataStore 4454 _a-0000dc7c-e2e3-8000-927a-010000010000_199928 Exporting binary resources.
2016-09-07 07:04:01.655 DEBUG dataStore 4454 _a-0000dc7c-e2e3-8000-927a-010000010000_199928 Serializing object to XML.
2016-09-07 07:04:01.665 DEBUG dataStore 4454 _a-0000dc7c-e2e3-8000-927a-010000010000_199928 Object transported.
2016-09-07 07:04:01.666 DEBUG application 4451 _a-0000dc91-0813-8000-927a-010000010000_201887 Exporting binary resources.
2016-09-07 07:04:01.666 DEBUG application 4451 _a-0000dc91-0813-8000-927a-010000010000_201887 Serializing object to XML.
2016-09-07 07:04:01.67 DEBUG application 4451 _a-0000dc91-0813-8000-927a-010000010000_201887 Object transported.
